<?xml version="1.0" encoding="UTF-8"?>
<testng-results skipped="0" failed="0" total="2" passed="2">
  <reporter-output>
  </reporter-output>
  <suite name="Default suite" duration-ms="53368" started-at="2020-11-08T05:42:43Z" finished-at="2020-11-08T05:43:36Z">
    <groups>
    </groups>
    <test name="Default test" duration-ms="53368" started-at="2020-11-08T05:42:43Z" finished-at="2020-11-08T05:43:36Z">
      <class name="com.experitest.auto.AndroidDemoTest">
        <test-method status="PASS" signature="setUp()[pri:0, instance:com.experitest.auto.AndroidDemoTest@73f792cf]" name="setUp" duration-ms="45006" started-at="2020-11-08T11:42:43Z" finished-at="2020-11-08T11:43:28Z">
          <reporter-output>
          </reporter-output>
        </test-method> <!-- setUp -->
        <test-method status="PASS" signature="tearDown()[pri:0, instance:com.experitest.auto.AndroidDemoTest@73f792cf]" name="tearDown" is-config="true" duration-ms="8347" started-at="2020-11-08T11:43:28Z" finished-at="2020-11-08T11:43:36Z">
          <reporter-output>
          </reporter-output>
        </test-method> <!-- tearDown -->
        <test-method status="PASS" signature="test()[pri:0, instance:com.experitest.auto.AndroidDemoTest@73f792cf]" name="test" duration-ms="1" started-at="2020-11-08T11:43:36Z" finished-at="2020-11-08T11:43:36Z">
          <reporter-output>
          </reporter-output>
        </test-method> <!-- test -->
        <test-method status="PASS" signature="tearDown()[pri:0, instance:com.experitest.auto.AndroidDemoTest@73f792cf]" name="tearDown" is-config="true" duration-ms="0" started-at="2020-11-08T11:43:36Z" finished-at="2020-11-08T11:43:36Z">
          <reporter-output>
          </reporter-output>
        </test-method> <!-- tearDown -->
      </class> <!-- com.experitest.auto.AndroidDemoTest -->
    </test> <!-- Default test -->
  </suite> <!-- Default suite -->
</testng-results>
